<?xml version="1.0" encoding="UTF-8"?>
<testsuite name="chapterOne.OneTest" tests="1" skipped="0" failures="0" errors="0" timestamp="2023-05-25T01:07:10" hostname="ALLUNA" time="0.014">
  <properties/>
  <testcase name="main()" classname="chapterOne.OneTest" time="0.014"/>
  <system-out><![CDATA[]]></system-out>
  <system-err><![CDATA[]]></system-err>
</testsuite>
